2018-07-26 21:20:59,752 ; __main__C%3A%2FUsers%2FDad%2FAppData%2FRoaming%2FAutodesk%2FAutodesk%20Fusion%20360%2FAPI%2FAddIns%2Fdogbone2%2FdogBone2_py ; DEBUG ; 498; Parsing inputs
2018-07-26 21:20:59,762 ; __main__C%3A%2FUsers%2FDad%2FAppData%2FRoaming%2FAutodesk%2FAutodesk%20Fusion%20360%2FAPI%2FAddIns%2Fdogbone2%2FdogBone2_py ; DEBUG ; 510; self.fromTop = False
2018-07-26 21:20:59,772 ; __main__C%3A%2FUsers%2FDad%2FAppData%2FRoaming%2FAutodesk%2FAutodesk%20Fusion%20360%2FAPI%2FAddIns%2Fdogbone2%2FdogBone2_py ; DEBUG ; 511; self.minimal = False
2018-07-26 21:20:59,781 ; __main__C%3A%2FUsers%2FDad%2FAppData%2FRoaming%2FAutodesk%2FAutodesk%20Fusion%20360%2FAPI%2FAddIns%2Fdogbone2%2FdogBone2_py ; DEBUG ; 512; self.parametric = True
2018-07-26 21:20:59,791 ; __main__C%3A%2FUsers%2FDad%2FAppData%2FRoaming%2FAutodesk%2FAutodesk%20Fusion%20360%2FAPI%2FAddIns%2Fdogbone2%2FdogBone2_py ; DEBUG ; 513; self.circStr = 0.25 in
2018-07-26 21:20:59,800 ; __main__C%3A%2FUsers%2FDad%2FAppData%2FRoaming%2FAutodesk%2FAutodesk%20Fusion%20360%2FAPI%2FAddIns%2Fdogbone2%2FdogBone2_py ; DEBUG ; 514; self.circDiameter = 0.635
2018-07-26 21:20:59,809 ; __main__C%3A%2FUsers%2FDad%2FAppData%2FRoaming%2FAutodesk%2FAutodesk%20Fusion%20360%2FAPI%2FAddIns%2Fdogbone2%2FdogBone2_py ; DEBUG ; 515; self.offStr = 0 cm
2018-07-26 21:20:59,818 ; __main__C%3A%2FUsers%2FDad%2FAppData%2FRoaming%2FAutodesk%2FAutodesk%20Fusion%20360%2FAPI%2FAddIns%2Fdogbone2%2FdogBone2_py ; DEBUG ; 516; self.offVal = 0.0
2018-07-26 21:20:59,828 ; __main__C%3A%2FUsers%2FDad%2FAppData%2FRoaming%2FAutodesk%2FAutodesk%20Fusion%20360%2FAPI%2FAddIns%2Fdogbone2%2FdogBone2_py ; DEBUG ; 517; self.benchmark = True
2018-07-26 21:20:59,838 ; __main__C%3A%2FUsers%2FDad%2FAppData%2FRoaming%2FAutodesk%2FAutodesk%20Fusion%20360%2FAPI%2FAddIns%2Fdogbone2%2FdogBone2_py ; INFO ; 165; config file write
2018-07-26 21:21:00,036 ; __main__C%3A%2FUsers%2FDad%2FAppData%2FRoaming%2FAutodesk%2FAutodesk%20Fusion%20360%2FAPI%2FAddIns%2Fdogbone2%2FdogBone2_py ; INFO ; 754; Creating parametric dogbones
2018-07-26 21:21:00,046 ; __main__C%3A%2FUsers%2FDad%2FAppData%2FRoaming%2FAutodesk%2FAutodesk%20Fusion%20360%2FAPI%2FAddIns%2Fdogbone2%2FdogBone2_py ; DEBUG ; 768; processing component  = Component3
2018-07-26 21:21:00,056 ; __main__C%3A%2FUsers%2FDad%2FAppData%2FRoaming%2FAutodesk%2FAutodesk%20Fusion%20360%2FAPI%2FAddIns%2Fdogbone2%2FdogBone2_py ; DEBUG ; 769; processing occurrence  = Component3:1
2018-07-26 21:21:00,065 ; __main__C%3A%2FUsers%2FDad%2FAppData%2FRoaming%2FAutodesk%2FAutodesk%20Fusion%20360%2FAPI%2FAddIns%2Fdogbone2%2FdogBone2_py ; DEBUG ; 796; Processing Face = 69
2018-07-26 21:21:00,074 ; __main__C%3A%2FUsers%2FDad%2FAppData%2FRoaming%2FAutodesk%2FAutodesk%20Fusion%20360%2FAPI%2FAddIns%2Fdogbone2%2FdogBone2_py ; DEBUG ; 810; Processing edge - 258
2018-07-26 21:21:00,086 ; __main__C%3A%2FUsers%2FDad%2FAppData%2FRoaming%2FAutodesk%2FAutodesk%20Fusion%20360%2FAPI%2FAddIns%2Fdogbone2%2FdogBone2_py ; DEBUG ; 832; extentToEntity - True
2018-07-26 21:21:00,097 ; __main__C%3A%2FUsers%2FDad%2FAppData%2FRoaming%2FAutodesk%2FAutodesk%20Fusion%20360%2FAPI%2FAddIns%2Fdogbone2%2FdogBone2_py.dbutils ; DEBUG ; 98; edge 247 added to adjacent edge list
2018-07-26 21:21:00,107 ; __main__C%3A%2FUsers%2FDad%2FAppData%2FRoaming%2FAutodesk%2FAutodesk%20Fusion%20360%2FAPI%2FAddIns%2Fdogbone2%2FdogBone2_py.dbutils ; DEBUG ; 98; edge 248 added to adjacent edge list
2018-07-26 21:21:00,118 ; __main__C%3A%2FUsers%2FDad%2FAppData%2FRoaming%2FAutodesk%2FAutodesk%20Fusion%20360%2FAPI%2FAddIns%2Fdogbone2%2FdogBone2_py ; DEBUG ; 855; centrePoint = (-5.648538041417685,3.6576,-37.36565640302673)
2018-07-26 21:21:00,127 ; __main__C%3A%2FUsers%2FDad%2FAppData%2FRoaming%2FAutodesk%2FAutodesk%20Fusion%20360%2FAPI%2FAddIns%2Fdogbone2%2FdogBone2_py ; DEBUG ; 885; extentToEntity before setPositionByPlaneAndOffsets - True
2018-07-26 21:21:00,137 ; __main__C%3A%2FUsers%2FDad%2FAppData%2FRoaming%2FAutodesk%2FAutodesk%20Fusion%20360%2FAPI%2FAddIns%2Fdogbone2%2FdogBone2_py ; DEBUG ; 887; extentToEntity after setPositionByPlaneAndOffsets - True
2018-07-26 21:21:00,146 ; __main__C%3A%2FUsers%2FDad%2FAppData%2FRoaming%2FAutodesk%2FAutodesk%20Fusion%20360%2FAPI%2FAddIns%2Fdogbone2%2FdogBone2_py ; INFO ; 889; hole added to list - (-5.648538041417685,3.6576,-37.36565640302673)
2018-07-26 21:21:00,428 ; __main__C%3A%2FUsers%2FDad%2FAppData%2FRoaming%2FAutodesk%2FAutodesk%20Fusion%20360%2FAPI%2FAddIns%2Fdogbone2%2FdogBone2_py ; DEBUG ; 810; Processing edge - 264
2018-07-26 21:21:00,444 ; __main__C%3A%2FUsers%2FDad%2FAppData%2FRoaming%2FAutodesk%2FAutodesk%20Fusion%20360%2FAPI%2FAddIns%2Fdogbone2%2FdogBone2_py ; DEBUG ; 832; extentToEntity - True
2018-07-26 21:21:00,456 ; __main__C%3A%2FUsers%2FDad%2FAppData%2FRoaming%2FAutodesk%2FAutodesk%20Fusion%20360%2FAPI%2FAddIns%2Fdogbone2%2FdogBone2_py.dbutils ; DEBUG ; 98; edge 250 added to adjacent edge list
2018-07-26 21:21:00,466 ; __main__C%3A%2FUsers%2FDad%2FAppData%2FRoaming%2FAutodesk%2FAutodesk%20Fusion%20360%2FAPI%2FAddIns%2Fdogbone2%2FdogBone2_py.dbutils ; DEBUG ; 98; edge 251 added to adjacent edge list
2018-07-26 21:21:00,479 ; __main__C%3A%2FUsers%2FDad%2FAppData%2FRoaming%2FAutodesk%2FAutodesk%20Fusion%20360%2FAPI%2FAddIns%2Fdogbone2%2FdogBone2_py ; DEBUG ; 855; centrePoint = (-25.304184180804484,3.6576,-37.36565640302673)
2018-07-26 21:21:00,489 ; __main__C%3A%2FUsers%2FDad%2FAppData%2FRoaming%2FAutodesk%2FAutodesk%20Fusion%20360%2FAPI%2FAddIns%2Fdogbone2%2FdogBone2_py ; DEBUG ; 885; extentToEntity before setPositionByPlaneAndOffsets - True
2018-07-26 21:21:00,498 ; __main__C%3A%2FUsers%2FDad%2FAppData%2FRoaming%2FAutodesk%2FAutodesk%20Fusion%20360%2FAPI%2FAddIns%2Fdogbone2%2FdogBone2_py ; DEBUG ; 887; extentToEntity after setPositionByPlaneAndOffsets - True
2018-07-26 21:21:00,508 ; __main__C%3A%2FUsers%2FDad%2FAppData%2FRoaming%2FAutodesk%2FAutodesk%20Fusion%20360%2FAPI%2FAddIns%2Fdogbone2%2FdogBone2_py ; INFO ; 889; hole added to list - (-25.304184180804484,3.6576,-37.36565640302673)
2018-07-26 21:21:00,603 ; __main__C%3A%2FUsers%2FDad%2FAppData%2FRoaming%2FAutodesk%2FAutodesk%20Fusion%20360%2FAPI%2FAddIns%2Fdogbone2%2FdogBone2_py ; DEBUG ; 810; Processing edge - 266
2018-07-26 21:21:00,614 ; __main__C%3A%2FUsers%2FDad%2FAppData%2FRoaming%2FAutodesk%2FAutodesk%20Fusion%20360%2FAPI%2FAddIns%2Fdogbone2%2FdogBone2_py ; DEBUG ; 832; extentToEntity - True
2018-07-26 21:21:00,624 ; __main__C%3A%2FUsers%2FDad%2FAppData%2FRoaming%2FAutodesk%2FAutodesk%20Fusion%20360%2FAPI%2FAddIns%2Fdogbone2%2FdogBone2_py.dbutils ; DEBUG ; 98; edge 20172 added to adjacent edge list
2018-07-26 21:21:00,634 ; __main__C%3A%2FUsers%2FDad%2FAppData%2FRoaming%2FAutodesk%2FAutodesk%20Fusion%20360%2FAPI%2FAddIns%2Fdogbone2%2FdogBone2_py.dbutils ; DEBUG ; 98; edge 252 added to adjacent edge list
2018-07-26 21:21:00,645 ; __main__C%3A%2FUsers%2FDad%2FAppData%2FRoaming%2FAutodesk%2FAutodesk%20Fusion%20360%2FAPI%2FAddIns%2Fdogbone2%2FdogBone2_py ; DEBUG ; 855; centrePoint = (-36.60126026363985,3.6576,-37.36565640302673)
2018-07-26 21:21:00,655 ; __main__C%3A%2FUsers%2FDad%2FAppData%2FRoaming%2FAutodesk%2FAutodesk%20Fusion%20360%2FAPI%2FAddIns%2Fdogbone2%2FdogBone2_py ; DEBUG ; 885; extentToEntity before setPositionByPlaneAndOffsets - True
2018-07-26 21:21:00,664 ; __main__C%3A%2FUsers%2FDad%2FAppData%2FRoaming%2FAutodesk%2FAutodesk%20Fusion%20360%2FAPI%2FAddIns%2Fdogbone2%2FdogBone2_py ; DEBUG ; 887; extentToEntity after setPositionByPlaneAndOffsets - True
2018-07-26 21:21:00,674 ; __main__C%3A%2FUsers%2FDad%2FAppData%2FRoaming%2FAutodesk%2FAutodesk%20Fusion%20360%2FAPI%2FAddIns%2Fdogbone2%2FdogBone2_py ; INFO ; 889; hole added to list - (-36.60126026363985,3.6576,-37.36565640302673)
2018-07-26 21:21:00,774 ; __main__C%3A%2FUsers%2FDad%2FAppData%2FRoaming%2FAutodesk%2FAutodesk%20Fusion%20360%2FAPI%2FAddIns%2Fdogbone2%2FdogBone2_py ; DEBUG ; 810; Processing edge - 256
2018-07-26 21:21:00,786 ; __main__C%3A%2FUsers%2FDad%2FAppData%2FRoaming%2FAutodesk%2FAutodesk%20Fusion%20360%2FAPI%2FAddIns%2Fdogbone2%2FdogBone2_py ; DEBUG ; 832; extentToEntity - True
2018-07-26 21:21:00,797 ; __main__C%3A%2FUsers%2FDad%2FAppData%2FRoaming%2FAutodesk%2FAutodesk%20Fusion%20360%2FAPI%2FAddIns%2Fdogbone2%2FdogBone2_py.dbutils ; DEBUG ; 98; edge 243 added to adjacent edge list
2018-07-26 21:21:00,808 ; __main__C%3A%2FUsers%2FDad%2FAppData%2FRoaming%2FAutodesk%2FAutodesk%20Fusion%20360%2FAPI%2FAddIns%2Fdogbone2%2FdogBone2_py.dbutils ; DEBUG ; 98; edge 244 added to adjacent edge list
2018-07-26 21:21:00,821 ; __main__C%3A%2FUsers%2FDad%2FAppData%2FRoaming%2FAutodesk%2FAutodesk%20Fusion%20360%2FAPI%2FAddIns%2Fdogbone2%2FdogBone2_py ; DEBUG ; 855; centrePoint = (25.304184180804512,3.6576,-37.36565640302673)
2018-07-26 21:21:00,831 ; __main__C%3A%2FUsers%2FDad%2FAppData%2FRoaming%2FAutodesk%2FAutodesk%20Fusion%20360%2FAPI%2FAddIns%2Fdogbone2%2FdogBone2_py ; DEBUG ; 885; extentToEntity before setPositionByPlaneAndOffsets - True
2018-07-26 21:21:00,840 ; __main__C%3A%2FUsers%2FDad%2FAppData%2FRoaming%2FAutodesk%2FAutodesk%20Fusion%20360%2FAPI%2FAddIns%2Fdogbone2%2FdogBone2_py ; DEBUG ; 887; extentToEntity after setPositionByPlaneAndOffsets - True
2018-07-26 21:21:00,850 ; __main__C%3A%2FUsers%2FDad%2FAppData%2FRoaming%2FAutodesk%2FAutodesk%20Fusion%20360%2FAPI%2FAddIns%2Fdogbone2%2FdogBone2_py ; INFO ; 889; hole added to list - (25.304184180804512,3.6576,-37.36565640302673)
2018-07-26 21:21:01,135 ; __main__C%3A%2FUsers%2FDad%2FAppData%2FRoaming%2FAutodesk%2FAutodesk%20Fusion%20360%2FAPI%2FAddIns%2Fdogbone2%2FdogBone2_py ; DEBUG ; 810; Processing edge - 257
2018-07-26 21:21:01,153 ; __main__C%3A%2FUsers%2FDad%2FAppData%2FRoaming%2FAutodesk%2FAutodesk%20Fusion%20360%2FAPI%2FAddIns%2Fdogbone2%2FdogBone2_py ; DEBUG ; 832; extentToEntity - True
2018-07-26 21:21:01,165 ; __main__C%3A%2FUsers%2FDad%2FAppData%2FRoaming%2FAutodesk%2FAutodesk%20Fusion%20360%2FAPI%2FAddIns%2Fdogbone2%2FdogBone2_py.dbutils ; DEBUG ; 98; edge 242 added to adjacent edge list
2018-07-26 21:21:01,176 ; __main__C%3A%2FUsers%2FDad%2FAppData%2FRoaming%2FAutodesk%2FAutodesk%20Fusion%20360%2FAPI%2FAddIns%2Fdogbone2%2FdogBone2_py.dbutils ; DEBUG ; 98; edge 243 added to adjacent edge list
2018-07-26 21:21:01,188 ; __main__C%3A%2FUsers%2FDad%2FAppData%2FRoaming%2FAutodesk%2FAutodesk%20Fusion%20360%2FAPI%2FAddIns%2Fdogbone2%2FdogBone2_py ; DEBUG ; 855; centrePoint = (36.60126026363985,3.6576,-37.36565640302673)
2018-07-26 21:21:01,197 ; __main__C%3A%2FUsers%2FDad%2FAppData%2FRoaming%2FAutodesk%2FAutodesk%20Fusion%20360%2FAPI%2FAddIns%2Fdogbone2%2FdogBone2_py ; DEBUG ; 885; extentToEntity before setPositionByPlaneAndOffsets - True
2018-07-26 21:21:01,206 ; __main__C%3A%2FUsers%2FDad%2FAppData%2FRoaming%2FAutodesk%2FAutodesk%20Fusion%20360%2FAPI%2FAddIns%2Fdogbone2%2FdogBone2_py ; DEBUG ; 887; extentToEntity after setPositionByPlaneAndOffsets - True
2018-07-26 21:21:01,216 ; __main__C%3A%2FUsers%2FDad%2FAppData%2FRoaming%2FAutodesk%2FAutodesk%20Fusion%20360%2FAPI%2FAddIns%2Fdogbone2%2FdogBone2_py ; INFO ; 889; hole added to list - (36.60126026363985,3.6576,-37.36565640302673)
2018-07-26 21:21:01,316 ; __main__C%3A%2FUsers%2FDad%2FAppData%2FRoaming%2FAutodesk%2FAutodesk%20Fusion%20360%2FAPI%2FAddIns%2Fdogbone2%2FdogBone2_py ; DEBUG ; 810; Processing edge - 292
2018-07-26 21:21:01,326 ; __main__C%3A%2FUsers%2FDad%2FAppData%2FRoaming%2FAutodesk%2FAutodesk%20Fusion%20360%2FAPI%2FAddIns%2Fdogbone2%2FdogBone2_py ; DEBUG ; 813; Revalidating face
2018-07-26 21:21:01,344 ; __main__C%3A%2FUsers%2FDad%2FAppData%2FRoaming%2FAutodesk%2FAutodesk%20Fusion%20360%2FAPI%2FAddIns%2Fdogbone2%2FdogBone2_py ; DEBUG ; 832; extentToEntity - True
2018-07-26 21:21:01,357 ; __main__C%3A%2FUsers%2FDad%2FAppData%2FRoaming%2FAutodesk%2FAutodesk%20Fusion%20360%2FAPI%2FAddIns%2Fdogbone2%2FdogBone2_py.dbutils ; DEBUG ; 98; edge 246 added to adjacent edge list
2018-07-26 21:21:01,367 ; __main__C%3A%2FUsers%2FDad%2FAppData%2FRoaming%2FAutodesk%2FAutodesk%20Fusion%20360%2FAPI%2FAddIns%2Fdogbone2%2FdogBone2_py.dbutils ; DEBUG ; 98; edge 247 added to adjacent edge list
2018-07-26 21:21:01,379 ; __main__C%3A%2FUsers%2FDad%2FAppData%2FRoaming%2FAutodesk%2FAutodesk%20Fusion%20360%2FAPI%2FAddIns%2Fdogbone2%2FdogBone2_py ; DEBUG ; 855; centrePoint = (5.648538041417735,3.6576,-37.36565640302673)
2018-07-26 21:21:01,388 ; __main__C%3A%2FUsers%2FDad%2FAppData%2FRoaming%2FAutodesk%2FAutodesk%20Fusion%20360%2FAPI%2FAddIns%2Fdogbone2%2FdogBone2_py ; DEBUG ; 885; extentToEntity before setPositionByPlaneAndOffsets - True
2018-07-26 21:21:01,398 ; __main__C%3A%2FUsers%2FDad%2FAppData%2FRoaming%2FAutodesk%2FAutodesk%20Fusion%20360%2FAPI%2FAddIns%2Fdogbone2%2FdogBone2_py ; DEBUG ; 887; extentToEntity after setPositionByPlaneAndOffsets - True
2018-07-26 21:21:01,407 ; __main__C%3A%2FUsers%2FDad%2FAppData%2FRoaming%2FAutodesk%2FAutodesk%20Fusion%20360%2FAPI%2FAddIns%2Fdogbone2%2FdogBone2_py ; INFO ; 889; hole added to list - (5.648538041417735,3.6576,-37.36565640302673)
2018-07-26 21:21:01,690 ; __main__C%3A%2FUsers%2FDad%2FAppData%2FRoaming%2FAutodesk%2FAutodesk%20Fusion%20360%2FAPI%2FAddIns%2Fdogbone2%2FdogBone2_py ; DEBUG ; 796; Processing Face = 53
2018-07-26 21:21:01,699 ; __main__C%3A%2FUsers%2FDad%2FAppData%2FRoaming%2FAutodesk%2FAutodesk%20Fusion%20360%2FAPI%2FAddIns%2Fdogbone2%2FdogBone2_py ; DEBUG ; 810; Processing edge - 189
2018-07-26 21:21:01,709 ; __main__C%3A%2FUsers%2FDad%2FAppData%2FRoaming%2FAutodesk%2FAutodesk%20Fusion%20360%2FAPI%2FAddIns%2Fdogbone2%2FdogBone2_py ; DEBUG ; 832; extentToEntity - True
2018-07-26 21:21:01,718 ; __main__C%3A%2FUsers%2FDad%2FAppData%2FRoaming%2FAutodesk%2FAutodesk%20Fusion%20360%2FAPI%2FAddIns%2Fdogbone2%2FdogBone2_py.dbutils ; DEBUG ; 98; edge 188 added to adjacent edge list
2018-07-26 21:21:01,728 ; __main__C%3A%2FUsers%2FDad%2FAppData%2FRoaming%2FAutodesk%2FAutodesk%20Fusion%20360%2FAPI%2FAddIns%2Fdogbone2%2FdogBone2_py.dbutils ; DEBUG ; 98; edge 192 added to adjacent edge list
2018-07-26 21:21:01,738 ; __main__C%3A%2FUsers%2FDad%2FAppData%2FRoaming%2FAutodesk%2FAutodesk%20Fusion%20360%2FAPI%2FAddIns%2Fdogbone2%2FdogBone2_py ; DEBUG ; 855; centrePoint = (-34.52212640302673,3.49885,-9.000206403026729)
2018-07-26 21:21:01,748 ; __main__C%3A%2FUsers%2FDad%2FAppData%2FRoaming%2FAutodesk%2FAutodesk%20Fusion%20360%2FAPI%2FAddIns%2Fdogbone2%2FdogBone2_py ; DEBUG ; 885; extentToEntity before setPositionByPlaneAndOffsets - True
2018-07-26 21:21:01,757 ; __main__C%3A%2FUsers%2FDad%2FAppData%2FRoaming%2FAutodesk%2FAutodesk%20Fusion%20360%2FAPI%2FAddIns%2Fdogbone2%2FdogBone2_py ; DEBUG ; 887; extentToEntity after setPositionByPlaneAndOffsets - True
2018-07-26 21:21:01,766 ; __main__C%3A%2FUsers%2FDad%2FAppData%2FRoaming%2FAutodesk%2FAutodesk%20Fusion%20360%2FAPI%2FAddIns%2Fdogbone2%2FdogBone2_py ; INFO ; 889; hole added to list - (-34.52212640302673,3.49885,-9.000206403026729)
2018-07-26 21:21:01,872 ; __main__C%3A%2FUsers%2FDad%2FAppData%2FRoaming%2FAutodesk%2FAutodesk%20Fusion%20360%2FAPI%2FAddIns%2Fdogbone2%2FdogBone2_py ; DEBUG ; 810; Processing edge - 207
2018-07-26 21:21:01,881 ; __main__C%3A%2FUsers%2FDad%2FAppData%2FRoaming%2FAutodesk%2FAutodesk%20Fusion%20360%2FAPI%2FAddIns%2Fdogbone2%2FdogBone2_py ; DEBUG ; 813; Revalidating face
2018-07-26 21:21:01,894 ; __main__C%3A%2FUsers%2FDad%2FAppData%2FRoaming%2FAutodesk%2FAutodesk%20Fusion%20360%2FAPI%2FAddIns%2Fdogbone2%2FdogBone2_py ; DEBUG ; 832; extentToEntity - True
2018-07-26 21:21:01,905 ; __main__C%3A%2FUsers%2FDad%2FAppData%2FRoaming%2FAutodesk%2FAutodesk%20Fusion%20360%2FAPI%2FAddIns%2Fdogbone2%2FdogBone2_py.dbutils ; DEBUG ; 98; edge 193 added to adjacent edge list
2018-07-26 21:21:01,914 ; __main__C%3A%2FUsers%2FDad%2FAppData%2FRoaming%2FAutodesk%2FAutodesk%20Fusion%20360%2FAPI%2FAddIns%2Fdogbone2%2FdogBone2_py.dbutils ; DEBUG ; 98; edge 194 added to adjacent edge list
2018-07-26 21:21:01,925 ; __main__C%3A%2FUsers%2FDad%2FAppData%2FRoaming%2FAutodesk%2FAutodesk%20Fusion%20360%2FAPI%2FAddIns%2Fdogbone2%2FdogBone2_py ; DEBUG ; 855; centrePoint = (-13.631193596973272,3.49885,-8.627393596973272)
2018-07-26 21:21:01,934 ; __main__C%3A%2FUsers%2FDad%2FAppData%2FRoaming%2FAutodesk%2FAutodesk%20Fusion%20360%2FAPI%2FAddIns%2Fdogbone2%2FdogBone2_py ; DEBUG ; 885; extentToEntity before setPositionByPlaneAndOffsets - True
2018-07-26 21:21:01,944 ; __main__C%3A%2FUsers%2FDad%2FAppData%2FRoaming%2FAutodesk%2FAutodesk%20Fusion%20360%2FAPI%2FAddIns%2Fdogbone2%2FdogBone2_py ; DEBUG ; 887; extentToEntity after setPositionByPlaneAndOffsets - True
2018-07-26 21:21:01,953 ; __main__C%3A%2FUsers%2FDad%2FAppData%2FRoaming%2FAutodesk%2FAutodesk%20Fusion%20360%2FAPI%2FAddIns%2Fdogbone2%2FdogBone2_py ; INFO ; 889; hole added to list - (-13.631193596973272,3.49885,-8.627393596973272)
2018-07-26 21:21:02,229 ; __main__C%3A%2FUsers%2FDad%2FAppData%2FRoaming%2FAutodesk%2FAutodesk%20Fusion%20360%2FAPI%2FAddIns%2Fdogbone2%2FdogBone2_py ; DEBUG ; 810; Processing edge - 209
2018-07-26 21:21:02,238 ; __main__C%3A%2FUsers%2FDad%2FAppData%2FRoaming%2FAutodesk%2FAutodesk%20Fusion%20360%2FAPI%2FAddIns%2Fdogbone2%2FdogBone2_py ; DEBUG ; 813; Revalidating face
2018-07-26 21:21:02,249 ; __main__C%3A%2FUsers%2FDad%2FAppData%2FRoaming%2FAutodesk%2FAutodesk%20Fusion%20360%2FAPI%2FAddIns%2Fdogbone2%2FdogBone2_py ; DEBUG ; 832; extentToEntity - True
2018-07-26 21:21:02,259 ; __main__C%3A%2FUsers%2FDad%2FAppData%2FRoaming%2FAutodesk%2FAutodesk%20Fusion%20360%2FAPI%2FAddIns%2Fdogbone2%2FdogBone2_py.dbutils ; DEBUG ; 98; edge 194 added to adjacent edge list
2018-07-26 21:21:02,269 ; __main__C%3A%2FUsers%2FDad%2FAppData%2FRoaming%2FAutodesk%2FAutodesk%20Fusion%20360%2FAPI%2FAddIns%2Fdogbone2%2FdogBone2_py.dbutils ; DEBUG ; 98; edge 195 added to adjacent edge list
2018-07-26 21:21:02,279 ; __main__C%3A%2FUsers%2FDad%2FAppData%2FRoaming%2FAutodesk%2FAutodesk%20Fusion%20360%2FAPI%2FAddIns%2Fdogbone2%2FdogBone2_py ; DEBUG ; 855; centrePoint = (-12.175206403026705,3.49885,-8.627393596973272)
2018-07-26 21:21:02,289 ; __main__C%3A%2FUsers%2FDad%2FAppData%2FRoaming%2FAutodesk%2FAutodesk%20Fusion%20360%2FAPI%2FAddIns%2Fdogbone2%2FdogBone2_py ; DEBUG ; 885; extentToEntity before setPositionByPlaneAndOffsets - True
2018-07-26 21:21:02,298 ; __main__C%3A%2FUsers%2FDad%2FAppData%2FRoaming%2FAutodesk%2FAutodesk%20Fusion%20360%2FAPI%2FAddIns%2Fdogbone2%2FdogBone2_py ; DEBUG ; 887; extentToEntity after setPositionByPlaneAndOffsets - True
2018-07-26 21:21:02,308 ; __main__C%3A%2FUsers%2FDad%2FAppData%2FRoaming%2FAutodesk%2FAutodesk%20Fusion%20360%2FAPI%2FAddIns%2Fdogbone2%2FdogBone2_py ; INFO ; 889; hole added to list - (-12.175206403026705,3.49885,-8.627393596973272)
2018-07-26 21:21:02,408 ; __main__C%3A%2FUsers%2FDad%2FAppData%2FRoaming%2FAutodesk%2FAutodesk%20Fusion%20360%2FAPI%2FAddIns%2Fdogbone2%2FdogBone2_py ; DEBUG ; 810; Processing edge - 169
2018-07-26 21:21:02,419 ; __main__C%3A%2FUsers%2FDad%2FAppData%2FRoaming%2FAutodesk%2FAutodesk%20Fusion%20360%2FAPI%2FAddIns%2Fdogbone2%2FdogBone2_py ; DEBUG ; 832; extentToEntity - True
2018-07-26 21:21:02,430 ; __main__C%3A%2FUsers%2FDad%2FAppData%2FRoaming%2FAutodesk%2FAutodesk%20Fusion%20360%2FAPI%2FAddIns%2Fdogbone2%2FdogBone2_py.dbutils ; DEBUG ; 98; edge 170 added to adjacent edge list
2018-07-26 21:21:02,440 ; __main__C%3A%2FUsers%2FDad%2FAppData%2FRoaming%2FAutodesk%2FAutodesk%20Fusion%20360%2FAPI%2FAddIns%2Fdogbone2%2FdogBone2_py.dbutils ; DEBUG ; 98; edge 20228 added to adjacent edge list
2018-07-26 21:21:02,449 ; __main__C%3A%2FUsers%2FDad%2FAppData%2FRoaming%2FAutodesk%2FAutodesk%20Fusion%20360%2FAPI%2FAddIns%2Fdogbone2%2FdogBone2_py ; DEBUG ; 855; centrePoint = (-34.52212640302673,3.49885,-10.456193596973272)
2018-07-26 21:21:02,458 ; __main__C%3A%2FUsers%2FDad%2FAppData%2FRoaming%2FAutodesk%2FAutodesk%20Fusion%20360%2FAPI%2FAddIns%2Fdogbone2%2FdogBone2_py ; DEBUG ; 885; extentToEntity before setPositionByPlaneAndOffsets - True
2018-07-26 21:21:02,468 ; __main__C%3A%2FUsers%2FDad%2FAppData%2FRoaming%2FAutodesk%2FAutodesk%20Fusion%20360%2FAPI%2FAddIns%2Fdogbone2%2FdogBone2_py ; DEBUG ; 887; extentToEntity after setPositionByPlaneAndOffsets - True
2018-07-26 21:21:02,477 ; __main__C%3A%2FUsers%2FDad%2FAppData%2FRoaming%2FAutodesk%2FAutodesk%20Fusion%20360%2FAPI%2FAddIns%2Fdogbone2%2FdogBone2_py ; INFO ; 889; hole added to list - (-34.52212640302673,3.49885,-10.456193596973272)
2018-07-26 21:21:02,753 ; __main__C%3A%2FUsers%2FDad%2FAppData%2FRoaming%2FAutodesk%2FAutodesk%20Fusion%20360%2FAPI%2FAddIns%2Fdogbone2%2FdogBone2_py ; DEBUG ; 810; Processing edge - 171
2018-07-26 21:21:02,765 ; __main__C%3A%2FUsers%2FDad%2FAppData%2FRoaming%2FAutodesk%2FAutodesk%20Fusion%20360%2FAPI%2FAddIns%2Fdogbone2%2FdogBone2_py ; DEBUG ; 832; extentToEntity - True
2018-07-26 21:21:02,776 ; __main__C%3A%2FUsers%2FDad%2FAppData%2FRoaming%2FAutodesk%2FAutodesk%20Fusion%20360%2FAPI%2FAddIns%2Fdogbone2%2FdogBone2_py.dbutils ; DEBUG ; 98; edge 170 added to adjacent edge list
2018-07-26 21:21:02,787 ; __main__C%3A%2FUsers%2FDad%2FAppData%2FRoaming%2FAutodesk%2FAutodesk%20Fusion%20360%2FAPI%2FAddIns%2Fdogbone2%2FdogBone2_py.dbutils ; DEBUG ; 98; edge 196 added to adjacent edge list
2018-07-26 21:21:02,797 ; __main__C%3A%2FUsers%2FDad%2FAppData%2FRoaming%2FAutodesk%2FAutodesk%20Fusion%20360%2FAPI%2FAddIns%2Fdogbone2%2FdogBone2_py ; DEBUG ; 855; centrePoint = (-9.09941026363993,3.49885,-10.456193596973272)
2018-07-26 21:21:02,806 ; __main__C%3A%2FUsers%2FDad%2FAppData%2FRoaming%2FAutodesk%2FAutodesk%20Fusion%20360%2FAPI%2FAddIns%2Fdogbone2%2FdogBone2_py ; DEBUG ; 885; extentToEntity before setPositionByPlaneAndOffsets - True
2018-07-26 21:21:02,816 ; __main__C%3A%2FUsers%2FDad%2FAppData%2FRoaming%2FAutodesk%2FAutodesk%20Fusion%20360%2FAPI%2FAddIns%2Fdogbone2%2FdogBone2_py ; DEBUG ; 887; extentToEntity after setPositionByPlaneAndOffsets - True
2018-07-26 21:21:02,824 ; __main__C%3A%2FUsers%2FDad%2FAppData%2FRoaming%2FAutodesk%2FAutodesk%20Fusion%20360%2FAPI%2FAddIns%2Fdogbone2%2FdogBone2_py ; INFO ; 889; hole added to list - (-9.09941026363993,3.49885,-10.456193596973272)
2018-07-26 21:21:02,926 ; __main__C%3A%2FUsers%2FDad%2FAppData%2FRoaming%2FAutodesk%2FAutodesk%20Fusion%20360%2FAPI%2FAddIns%2Fdogbone2%2FdogBone2_py ; DEBUG ; 796; Processing Face = 60
2018-07-26 21:21:02,935 ; __main__C%3A%2FUsers%2FDad%2FAppData%2FRoaming%2FAutodesk%2FAutodesk%20Fusion%20360%2FAPI%2FAddIns%2Fdogbone2%2FdogBone2_py ; DEBUG ; 810; Processing edge - 233
2018-07-26 21:21:02,946 ; __main__C%3A%2FUsers%2FDad%2FAppData%2FRoaming%2FAutodesk%2FAutodesk%20Fusion%20360%2FAPI%2FAddIns%2Fdogbone2%2FdogBone2_py ; DEBUG ; 832; extentToEntity - True
2018-07-26 21:21:02,955 ; __main__C%3A%2FUsers%2FDad%2FAppData%2FRoaming%2FAutodesk%2FAutodesk%20Fusion%20360%2FAPI%2FAddIns%2Fdogbone2%2FdogBone2_py.dbutils ; DEBUG ; 98; edge 214 added to adjacent edge list
2018-07-26 21:21:02,964 ; __main__C%3A%2FUsers%2FDad%2FAppData%2FRoaming%2FAutodesk%2FAutodesk%20Fusion%20360%2FAPI%2FAddIns%2Fdogbone2%2FdogBone2_py.dbutils ; DEBUG ; 98; edge 215 added to adjacent edge list
2018-07-26 21:21:02,976 ; __main__C%3A%2FUsers%2FDad%2FAppData%2FRoaming%2FAutodesk%2FAutodesk%20Fusion%20360%2FAPI%2FAddIns%2Fdogbone2%2FdogBone2_py ; DEBUG ; 855; centrePoint = (-9.09941026363993,3.6576,-9.000206403026729)
2018-07-26 21:21:02,986 ; __main__C%3A%2FUsers%2FDad%2FAppData%2FRoaming%2FAutodesk%2FAutodesk%20Fusion%20360%2FAPI%2FAddIns%2Fdogbone2%2FdogBone2_py ; DEBUG ; 885; extentToEntity before setPositionByPlaneAndOffsets - True
2018-07-26 21:21:02,995 ; __main__C%3A%2FUsers%2FDad%2FAppData%2FRoaming%2FAutodesk%2FAutodesk%20Fusion%20360%2FAPI%2FAddIns%2Fdogbone2%2FdogBone2_py ; DEBUG ; 887; extentToEntity after setPositionByPlaneAndOffsets - True
2018-07-26 21:21:03,005 ; __main__C%3A%2FUsers%2FDad%2FAppData%2FRoaming%2FAutodesk%2FAutodesk%20Fusion%20360%2FAPI%2FAddIns%2Fdogbone2%2FdogBone2_py ; INFO ; 889; hole added to list - (-9.09941026363993,3.6576,-9.000206403026729)
2018-07-26 21:21:03,281 ; __main__C%3A%2FUsers%2FDad%2FAppData%2FRoaming%2FAutodesk%2FAutodesk%20Fusion%20360%2FAPI%2FAddIns%2Fdogbone2%2FdogBone2_py ; DEBUG ; 810; Processing edge - 278
2018-07-26 21:21:03,294 ; __main__C%3A%2FUsers%2FDad%2FAppData%2FRoaming%2FAutodesk%2FAutodesk%20Fusion%20360%2FAPI%2FAddIns%2Fdogbone2%2FdogBone2_py ; DEBUG ; 832; extentToEntity - True
2018-07-26 21:21:03,305 ; __main__C%3A%2FUsers%2FDad%2FAppData%2FRoaming%2FAutodesk%2FAutodesk%20Fusion%20360%2FAPI%2FAddIns%2Fdogbone2%2FdogBone2_py.dbutils ; DEBUG ; 98; edge 221 added to adjacent edge list
2018-07-26 21:21:03,315 ; __main__C%3A%2FUsers%2FDad%2FAppData%2FRoaming%2FAutodesk%2FAutodesk%20Fusion%20360%2FAPI%2FAddIns%2Fdogbone2%2FdogBone2_py.dbutils ; DEBUG ; 98; edge 222 added to adjacent edge list
2018-07-26 21:21:03,326 ; __main__C%3A%2FUsers%2FDad%2FAppData%2FRoaming%2FAutodesk%2FAutodesk%20Fusion%20360%2FAPI%2FAddIns%2Fdogbone2%2FdogBone2_py ; DEBUG ; 855; centrePoint = (-12.175206403026705,3.6576,23.122606403026733)
2018-07-26 21:21:03,335 ; __main__C%3A%2FUsers%2FDad%2FAppData%2FRoaming%2FAutodesk%2FAutodesk%20Fusion%20360%2FAPI%2FAddIns%2Fdogbone2%2FdogBone2_py ; DEBUG ; 885; extentToEntity before setPositionByPlaneAndOffsets - True
2018-07-26 21:21:03,345 ; __main__C%3A%2FUsers%2FDad%2FAppData%2FRoaming%2FAutodesk%2FAutodesk%20Fusion%20360%2FAPI%2FAddIns%2Fdogbone2%2FdogBone2_py ; DEBUG ; 887; extentToEntity after setPositionByPlaneAndOffsets - True
2018-07-26 21:21:03,354 ; __main__C%3A%2FUsers%2FDad%2FAppData%2FRoaming%2FAutodesk%2FAutodesk%20Fusion%20360%2FAPI%2FAddIns%2Fdogbone2%2FdogBone2_py ; INFO ; 889; hole added to list - (-12.175206403026705,3.6576,23.122606403026733)
2018-07-26 21:21:03,461 ; __main__C%3A%2FUsers%2FDad%2FAppData%2FRoaming%2FAutodesk%2FAutodesk%20Fusion%20360%2FAPI%2FAddIns%2Fdogbone2%2FdogBone2_py ; DEBUG ; 810; Processing edge - 276
2018-07-26 21:21:03,470 ; __main__C%3A%2FUsers%2FDad%2FAppData%2FRoaming%2FAutodesk%2FAutodesk%20Fusion%20360%2FAPI%2FAddIns%2Fdogbone2%2FdogBone2_py ; DEBUG ; 813; Revalidating face
2018-07-26 21:21:03,486 ; __main__C%3A%2FUsers%2FDad%2FAppData%2FRoaming%2FAutodesk%2FAutodesk%20Fusion%20360%2FAPI%2FAddIns%2Fdogbone2%2FdogBone2_py ; DEBUG ; 832; extentToEntity - True
2018-07-26 21:21:03,499 ; __main__C%3A%2FUsers%2FDad%2FAppData%2FRoaming%2FAutodesk%2FAutodesk%20Fusion%20360%2FAPI%2FAddIns%2Fdogbone2%2FdogBone2_py.dbutils ; DEBUG ; 98; edge 220 added to adjacent edge list
2018-07-26 21:21:03,510 ; __main__C%3A%2FUsers%2FDad%2FAppData%2FRoaming%2FAutodesk%2FAutodesk%20Fusion%20360%2FAPI%2FAddIns%2Fdogbone2%2FdogBone2_py.dbutils ; DEBUG ; 98; edge 221 added to adjacent edge list
2018-07-26 21:21:03,521 ; __main__C%3A%2FUsers%2FDad%2FAppData%2FRoaming%2FAutodesk%2FAutodesk%20Fusion%20360%2FAPI%2FAddIns%2Fdogbone2%2FdogBone2_py ; DEBUG ; 855; centrePoint = (-13.631193596973247,3.6576,23.122606403026733)
2018-07-26 21:21:03,531 ; __main__C%3A%2FUsers%2FDad%2FAppData%2FRoaming%2FAutodesk%2FAutodesk%20Fusion%20360%2FAPI%2FAddIns%2Fdogbone2%2FdogBone2_py ; DEBUG ; 885; extentToEntity before setPositionByPlaneAndOffsets - True
2018-07-26 21:21:03,540 ; __main__C%3A%2FUsers%2FDad%2FAppData%2FRoaming%2FAutodesk%2FAutodesk%20Fusion%20360%2FAPI%2FAddIns%2Fdogbone2%2FdogBone2_py ; DEBUG ; 887; extentToEntity after setPositionByPlaneAndOffsets - True
2018-07-26 21:21:03,550 ; __main__C%3A%2FUsers%2FDad%2FAppData%2FRoaming%2FAutodesk%2FAutodesk%20Fusion%20360%2FAPI%2FAddIns%2Fdogbone2%2FdogBone2_py ; INFO ; 889; hole added to list - (-13.631193596973247,3.6576,23.122606403026733)
2018-07-26 21:21:03,828 ; __main__C%3A%2FUsers%2FDad%2FAppData%2FRoaming%2FAutodesk%2FAutodesk%20Fusion%20360%2FAPI%2FAddIns%2Fdogbone2%2FdogBone2_py ; DEBUG ; 810; Processing edge - 211
2018-07-26 21:21:03,844 ; __main__C%3A%2FUsers%2FDad%2FAppData%2FRoaming%2FAutodesk%2FAutodesk%20Fusion%20360%2FAPI%2FAddIns%2Fdogbone2%2FdogBone2_py ; DEBUG ; 813; Revalidating face
2018-07-26 21:21:03,858 ; __main__C%3A%2FUsers%2FDad%2FAppData%2FRoaming%2FAutodesk%2FAutodesk%20Fusion%20360%2FAPI%2FAddIns%2Fdogbone2%2FdogBone2_py ; DEBUG ; 832; extentToEntity - True
2018-07-26 21:21:03,876 ; __main__C%3A%2FUsers%2FDad%2FAppData%2FRoaming%2FAutodesk%2FAutodesk%20Fusion%20360%2FAPI%2FAddIns%2Fdogbone2%2FdogBone2_py.dbutils ; DEBUG ; 98; edge 210 added to adjacent edge list
2018-07-26 21:21:03,889 ; __main__C%3A%2FUsers%2FDad%2FAppData%2FRoaming%2FAutodesk%2FAutodesk%20Fusion%20360%2FAPI%2FAddIns%2Fdogbone2%2FdogBone2_py.dbutils ; DEBUG ; 98; edge 217 added to adjacent edge list
2018-07-26 21:21:03,899 ; __main__C%3A%2FUsers%2FDad%2FAppData%2FRoaming%2FAutodesk%2FAutodesk%20Fusion%20360%2FAPI%2FAddIns%2Fdogbone2%2FdogBone2_py ; DEBUG ; 855; centrePoint = (-13.631193596973247,3.6576,6.87479359697327)
2018-07-26 21:21:03,908 ; __main__C%3A%2FUsers%2FDad%2FAppData%2FRoaming%2FAutodesk%2FAutodesk%20Fusion%20360%2FAPI%2FAddIns%2Fdogbone2%2FdogBone2_py ; DEBUG ; 885; extentToEntity before setPositionByPlaneAndOffsets - True
2018-07-26 21:21:03,918 ; __main__C%3A%2FUsers%2FDad%2FAppData%2FRoaming%2FAutodesk%2FAutodesk%20Fusion%20360%2FAPI%2FAddIns%2Fdogbone2%2FdogBone2_py ; DEBUG ; 887; extentToEntity after setPositionByPlaneAndOffsets - True
2018-07-26 21:21:03,927 ; __main__C%3A%2FUsers%2FDad%2FAppData%2FRoaming%2FAutodesk%2FAutodesk%20Fusion%20360%2FAPI%2FAddIns%2Fdogbone2%2FdogBone2_py ; INFO ; 889; hole added to list - (-13.631193596973247,3.6576,6.87479359697327)
2018-07-26 21:21:04,035 ; __main__C%3A%2FUsers%2FDad%2FAppData%2FRoaming%2FAutodesk%2FAutodesk%20Fusion%20360%2FAPI%2FAddIns%2Fdogbone2%2FdogBone2_py ; DEBUG ; 810; Processing edge - 297
2018-07-26 21:21:04,045 ; __main__C%3A%2FUsers%2FDad%2FAppData%2FRoaming%2FAutodesk%2FAutodesk%20Fusion%20360%2FAPI%2FAddIns%2Fdogbone2%2FdogBone2_py ; DEBUG ; 813; Revalidating face
2018-07-26 21:21:04,061 ; __main__C%3A%2FUsers%2FDad%2FAppData%2FRoaming%2FAutodesk%2FAutodesk%20Fusion%20360%2FAPI%2FAddIns%2Fdogbone2%2FdogBone2_py ; DEBUG ; 832; extentToEntity - True
2018-07-26 21:21:04,074 ; __main__C%3A%2FUsers%2FDad%2FAppData%2FRoaming%2FAutodesk%2FAutodesk%20Fusion%20360%2FAPI%2FAddIns%2Fdogbone2%2FdogBone2_py.dbutils ; DEBUG ; 98; edge 216 added to adjacent edge list
2018-07-26 21:21:04,085 ; __main__C%3A%2FUsers%2FDad%2FAppData%2FRoaming%2FAutodesk%2FAutodesk%20Fusion%20360%2FAPI%2FAddIns%2Fdogbone2%2FdogBone2_py.dbutils ; DEBUG ; 98; edge 217 added to adjacent edge list
2018-07-26 21:21:04,097 ; __main__C%3A%2FUsers%2FDad%2FAppData%2FRoaming%2FAutodesk%2FAutodesk%20Fusion%20360%2FAPI%2FAddIns%2Fdogbone2%2FdogBone2_py ; DEBUG ; 855; centrePoint = (-12.175206403026705,3.6576,6.87479359697327)
2018-07-26 21:21:04,106 ; __main__C%3A%2FUsers%2FDad%2FAppData%2FRoaming%2FAutodesk%2FAutodesk%20Fusion%20360%2FAPI%2FAddIns%2Fdogbone2%2FdogBone2_py ; DEBUG ; 885; extentToEntity before setPositionByPlaneAndOffsets - True
2018-07-26 21:21:04,116 ; __main__C%3A%2FUsers%2FDad%2FAppData%2FRoaming%2FAutodesk%2FAutodesk%20Fusion%20360%2FAPI%2FAddIns%2Fdogbone2%2FdogBone2_py ; DEBUG ; 887; extentToEntity after setPositionByPlaneAndOffsets - True
2018-07-26 21:21:04,125 ; __main__C%3A%2FUsers%2FDad%2FAppData%2FRoaming%2FAutodesk%2FAutodesk%20Fusion%20360%2FAPI%2FAddIns%2Fdogbone2%2FdogBone2_py ; INFO ; 889; hole added to list - (-12.175206403026705,3.6576,6.87479359697327)
2018-07-26 21:21:04,410 ; __main__C%3A%2FUsers%2FDad%2FAppData%2FRoaming%2FAutodesk%2FAutodesk%20Fusion%20360%2FAPI%2FAddIns%2Fdogbone2%2FdogBone2_py ; DEBUG ; 796; Processing Face = 48
2018-07-26 21:21:04,420 ; __main__C%3A%2FUsers%2FDad%2FAppData%2FRoaming%2FAutodesk%2FAutodesk%20Fusion%20360%2FAPI%2FAddIns%2Fdogbone2%2FdogBone2_py ; DEBUG ; 810; Processing edge - 191
2018-07-26 21:21:04,430 ; __main__C%3A%2FUsers%2FDad%2FAppData%2FRoaming%2FAutodesk%2FAutodesk%20Fusion%20360%2FAPI%2FAddIns%2Fdogbone2%2FdogBone2_py ; DEBUG ; 832; extentToEntity - True
2018-07-26 21:21:04,439 ; __main__C%3A%2FUsers%2FDad%2FAppData%2FRoaming%2FAutodesk%2FAutodesk%20Fusion%20360%2FAPI%2FAddIns%2Fdogbone2%2FdogBone2_py.dbutils ; DEBUG ; 98; edge 159 added to adjacent edge list
2018-07-26 21:21:04,449 ; __main__C%3A%2FUsers%2FDad%2FAppData%2FRoaming%2FAutodesk%2FAutodesk%20Fusion%20360%2FAPI%2FAddIns%2Fdogbone2%2FdogBone2_py.dbutils ; DEBUG ; 98; edge 162 added to adjacent edge list
2018-07-26 21:21:04,459 ; __main__C%3A%2FUsers%2FDad%2FAppData%2FRoaming%2FAutodesk%2FAutodesk%20Fusion%20360%2FAPI%2FAddIns%2Fdogbone2%2FdogBone2_py ; DEBUG ; 855; centrePoint = (-53.80482137475108,3.49885,-9.000206403026729)
2018-07-26 21:21:04,469 ; __main__C%3A%2FUsers%2FDad%2FAppData%2FRoaming%2FAutodesk%2FAutodesk%20Fusion%20360%2FAPI%2FAddIns%2Fdogbone2%2FdogBone2_py ; DEBUG ; 885; extentToEntity before setPositionByPlaneAndOffsets - True
2018-07-26 21:21:04,478 ; __main__C%3A%2FUsers%2FDad%2FAppData%2FRoaming%2FAutodesk%2FAutodesk%20Fusion%20360%2FAPI%2FAddIns%2Fdogbone2%2FdogBone2_py ; DEBUG ; 887; extentToEntity after setPositionByPlaneAndOffsets - True
2018-07-26 21:21:04,488 ; __main__C%3A%2FUsers%2FDad%2FAppData%2FRoaming%2FAutodesk%2FAutodesk%20Fusion%20360%2FAPI%2FAddIns%2Fdogbone2%2FdogBone2_py ; INFO ; 889; hole added to list - (-53.80482137475108,3.49885,-9.000206403026729)
2018-07-26 21:21:04,769 ; __main__C%3A%2FUsers%2FDad%2FAppData%2FRoaming%2FAutodesk%2FAutodesk%20Fusion%20360%2FAPI%2FAddIns%2Fdogbone2%2FdogBone2_py ; DEBUG ; 810; Processing edge - 167
2018-07-26 21:21:04,778 ; __main__C%3A%2FUsers%2FDad%2FAppData%2FRoaming%2FAutodesk%2FAutodesk%20Fusion%20360%2FAPI%2FAddIns%2Fdogbone2%2FdogBone2_py ; DEBUG ; 813; Revalidating face
2018-07-26 21:21:04,789 ; __main__C%3A%2FUsers%2FDad%2FAppData%2FRoaming%2FAutodesk%2FAutodesk%20Fusion%20360%2FAPI%2FAddIns%2Fdogbone2%2FdogBone2_py ; DEBUG ; 832; extentToEntity - True
2018-07-26 21:21:04,798 ; __main__C%3A%2FUsers%2FDad%2FAppData%2FRoaming%2FAutodesk%2FAutodesk%20Fusion%20360%2FAPI%2FAddIns%2Fdogbone2%2FdogBone2_py.dbutils ; DEBUG ; 98; edge 159 added to adjacent edge list
2018-07-26 21:21:04,808 ; __main__C%3A%2FUsers%2FDad%2FAppData%2FRoaming%2FAutodesk%2FAutodesk%20Fusion%20360%2FAPI%2FAddIns%2Fdogbone2%2FdogBone2_py.dbutils ; DEBUG ; 98; edge 160 added to adjacent edge list
2018-07-26 21:21:04,818 ; __main__C%3A%2FUsers%2FDad%2FAppData%2FRoaming%2FAutodesk%2FAutodesk%20Fusion%20360%2FAPI%2FAddIns%2Fdogbone2%2FdogBone2_py ; DEBUG ; 855; centrePoint = (-53.80482137475108,3.49885,-10.456193596973272)
2018-07-26 21:21:04,828 ; __main__C%3A%2FUsers%2FDad%2FAppData%2FRoaming%2FAutodesk%2FAutodesk%20Fusion%20360%2FAPI%2FAddIns%2Fdogbone2%2FdogBone2_py ; DEBUG ; 885; extentToEntity before setPositionByPlaneAndOffsets - True
2018-07-26 21:21:04,837 ; __main__C%3A%2FUsers%2FDad%2FAppData%2FRoaming%2FAutodesk%2FAutodesk%20Fusion%20360%2FAPI%2FAddIns%2Fdogbone2%2FdogBone2_py ; DEBUG ; 887; extentToEntity after setPositionByPlaneAndOffsets - True
2018-07-26 21:21:04,846 ; __main__C%3A%2FUsers%2FDad%2FAppData%2FRoaming%2FAutodesk%2FAutodesk%20Fusion%20360%2FAPI%2FAddIns%2Fdogbone2%2FdogBone2_py ; INFO ; 889; hole added to list - (-53.80482137475108,3.49885,-10.456193596973272)
2018-07-26 21:21:04,958 ; __main__C%3A%2FUsers%2FDad%2FAppData%2FRoaming%2FAutodesk%2FAutodesk%20Fusion%20360%2FAPI%2FAddIns%2Fdogbone2%2FdogBone2_py ; DEBUG ; 796; Processing Face = 54
2018-07-26 21:21:04,967 ; __main__C%3A%2FUsers%2FDad%2FAppData%2FRoaming%2FAutodesk%2FAutodesk%20Fusion%20360%2FAPI%2FAddIns%2Fdogbone2%2FdogBone2_py ; DEBUG ; 810; Processing edge - 173
2018-07-26 21:21:04,977 ; __main__C%3A%2FUsers%2FDad%2FAppData%2FRoaming%2FAutodesk%2FAutodesk%20Fusion%20360%2FAPI%2FAddIns%2Fdogbone2%2FdogBone2_py ; DEBUG ; 832; extentToEntity - True
2018-07-26 21:21:04,987 ; __main__C%3A%2FUsers%2FDad%2FAppData%2FRoaming%2FAutodesk%2FAutodesk%20Fusion%20360%2FAPI%2FAddIns%2Fdogbone2%2FdogBone2_py.dbutils ; DEBUG ; 98; edge 174 added to adjacent edge list
2018-07-26 21:21:04,996 ; __main__C%3A%2FUsers%2FDad%2FAppData%2FRoaming%2FAutodesk%2FAutodesk%20Fusion%20360%2FAPI%2FAddIns%2Fdogbone2%2FdogBone2_py.dbutils ; DEBUG ; 98; edge 199 added to adjacent edge list
2018-07-26 21:21:05,006 ; __main__C%3A%2FUsers%2FDad%2FAppData%2FRoaming%2FAutodesk%2FAutodesk%20Fusion%20360%2FAPI%2FAddIns%2Fdogbone2%2FdogBone2_py ; DEBUG ; 855; centrePoint = (9.099410263639955,3.49885,-10.456193596973272)
2018-07-26 21:21:05,016 ; __main__C%3A%2FUsers%2FDad%2FAppData%2FRoaming%2FAutodesk%2FAutodesk%20Fusion%20360%2FAPI%2FAddIns%2Fdogbone2%2FdogBone2_py ; DEBUG ; 885; extentToEntity before setPositionByPlaneAndOffsets - True
2018-07-26 21:21:05,026 ; __main__C%3A%2FUsers%2FDad%2FAppData%2FRoaming%2FAutodesk%2FAutodesk%20Fusion%20360%2FAPI%2FAddIns%2Fdogbone2%2FdogBone2_py ; DEBUG ; 887; extentToEntity after setPositionByPlaneAndOffsets - True
2018-07-26 21:21:05,035 ; __main__C%3A%2FUsers%2FDad%2FAppData%2FRoaming%2FAutodesk%2FAutodesk%20Fusion%20360%2FAPI%2FAddIns%2Fdogbone2%2FdogBone2_py ; INFO ; 889; hole added to list - (9.099410263639955,3.49885,-10.456193596973272)
2018-07-26 21:21:05,337 ; __main__C%3A%2FUsers%2FDad%2FAppData%2FRoaming%2FAutodesk%2FAutodesk%20Fusion%20360%2FAPI%2FAddIns%2Fdogbone2%2FdogBone2_py ; DEBUG ; 810; Processing edge - 175
2018-07-26 21:21:05,347 ; __main__C%3A%2FUsers%2FDad%2FAppData%2FRoaming%2FAutodesk%2FAutodesk%20Fusion%20360%2FAPI%2FAddIns%2Fdogbone2%2FdogBone2_py ; DEBUG ; 813; Revalidating face
2018-07-26 21:21:05,358 ; __main__C%3A%2FUsers%2FDad%2FAppData%2FRoaming%2FAutodesk%2FAutodesk%20Fusion%20360%2FAPI%2FAddIns%2Fdogbone2%2FdogBone2_py ; DEBUG ; 832; extentToEntity - True
2018-07-26 21:21:05,369 ; __main__C%3A%2FUsers%2FDad%2FAppData%2FRoaming%2FAutodesk%2FAutodesk%20Fusion%20360%2FAPI%2FAddIns%2Fdogbone2%2FdogBone2_py.dbutils ; DEBUG ; 98; edge 174 added to adjacent edge list
2018-07-26 21:21:05,379 ; __main__C%3A%2FUsers%2FDad%2FAppData%2FRoaming%2FAutodesk%2FAutodesk%20Fusion%20360%2FAPI%2FAddIns%2Fdogbone2%2FdogBone2_py.dbutils ; DEBUG ; 98; edge 201 added to adjacent edge list
2018-07-26 21:21:05,389 ; __main__C%3A%2FUsers%2FDad%2FAppData%2FRoaming%2FAutodesk%2FAutodesk%20Fusion%20360%2FAPI%2FAddIns%2Fdogbone2%2FdogBone2_py ; DEBUG ; 855; centrePoint = (34.52212640302673,3.49885,-10.456193596973272)
2018-07-26 21:21:05,399 ; __main__C%3A%2FUsers%2FDad%2FAppData%2FRoaming%2FAutodesk%2FAutodesk%20Fusion%20360%2FAPI%2FAddIns%2Fdogbone2%2FdogBone2_py ; DEBUG ; 885; extentToEntity before setPositionByPlaneAndOffsets - True
2018-07-26 21:21:05,408 ; __main__C%3A%2FUsers%2FDad%2FAppData%2FRoaming%2FAutodesk%2FAutodesk%20Fusion%20360%2FAPI%2FAddIns%2Fdogbone2%2FdogBone2_py ; DEBUG ; 887; extentToEntity after setPositionByPlaneAndOffsets - True
2018-07-26 21:21:05,418 ; __main__C%3A%2FUsers%2FDad%2FAppData%2FRoaming%2FAutodesk%2FAutodesk%20Fusion%20360%2FAPI%2FAddIns%2Fdogbone2%2FdogBone2_py ; INFO ; 889; hole added to list - (34.52212640302673,3.49885,-10.456193596973272)
2018-07-26 21:21:05,530 ; __main__C%3A%2FUsers%2FDad%2FAppData%2FRoaming%2FAutodesk%2FAutodesk%20Fusion%20360%2FAPI%2FAddIns%2Fdogbone2%2FdogBone2_py ; DEBUG ; 810; Processing edge - 235
2018-07-26 21:21:05,541 ; __main__C%3A%2FUsers%2FDad%2FAppData%2FRoaming%2FAutodesk%2FAutodesk%20Fusion%20360%2FAPI%2FAddIns%2Fdogbone2%2FdogBone2_py ; DEBUG ; 832; extentToEntity - True
2018-07-26 21:21:05,551 ; __main__C%3A%2FUsers%2FDad%2FAppData%2FRoaming%2FAutodesk%2FAutodesk%20Fusion%20360%2FAPI%2FAddIns%2Fdogbone2%2FdogBone2_py.dbutils ; DEBUG ; 98; edge 199 added to adjacent edge list
2018-07-26 21:21:05,560 ; __main__C%3A%2FUsers%2FDad%2FAppData%2FRoaming%2FAutodesk%2FAutodesk%20Fusion%20360%2FAPI%2FAddIns%2Fdogbone2%2FdogBone2_py.dbutils ; DEBUG ; 98; edge 200 added to adjacent edge list
2018-07-26 21:21:05,571 ; __main__C%3A%2FUsers%2FDad%2FAppData%2FRoaming%2FAutodesk%2FAutodesk%20Fusion%20360%2FAPI%2FAddIns%2Fdogbone2%2FdogBone2_py ; DEBUG ; 855; centrePoint = (9.099410263639955,3.49885,-9.000206403026729)
2018-07-26 21:21:05,580 ; __main__C%3A%2FUsers%2FDad%2FAppData%2FRoaming%2FAutodesk%2FAutodesk%20Fusion%20360%2FAPI%2FAddIns%2Fdogbone2%2FdogBone2_py ; DEBUG ; 885; extentToEntity before setPositionByPlaneAndOffsets - True
2018-07-26 21:21:05,590 ; __main__C%3A%2FUsers%2FDad%2FAppData%2FRoaming%2FAutodesk%2FAutodesk%20Fusion%20360%2FAPI%2FAddIns%2Fdogbone2%2FdogBone2_py ; DEBUG ; 887; extentToEntity after setPositionByPlaneAndOffsets - True
2018-07-26 21:21:05,599 ; __main__C%3A%2FUsers%2FDad%2FAppData%2FRoaming%2FAutodesk%2FAutodesk%20Fusion%20360%2FAPI%2FAddIns%2Fdogbone2%2FdogBone2_py ; INFO ; 889; hole added to list - (9.099410263639955,3.49885,-9.000206403026729)
2018-07-26 21:21:05,887 ; __main__C%3A%2FUsers%2FDad%2FAppData%2FRoaming%2FAutodesk%2FAutodesk%20Fusion%20360%2FAPI%2FAddIns%2Fdogbone2%2FdogBone2_py ; DEBUG ; 810; Processing edge - 231
2018-07-26 21:21:05,897 ; __main__C%3A%2FUsers%2FDad%2FAppData%2FRoaming%2FAutodesk%2FAutodesk%20Fusion%20360%2FAPI%2FAddIns%2Fdogbone2%2FdogBone2_py ; DEBUG ; 832; extentToEntity - True
2018-07-26 21:21:05,907 ; __main__C%3A%2FUsers%2FDad%2FAppData%2FRoaming%2FAutodesk%2FAutodesk%20Fusion%20360%2FAPI%2FAddIns%2Fdogbone2%2FdogBone2_py.dbutils ; DEBUG ; 98; edge 200 added to adjacent edge list
2018-07-26 21:21:05,917 ; __main__C%3A%2FUsers%2FDad%2FAppData%2FRoaming%2FAutodesk%2FAutodesk%20Fusion%20360%2FAPI%2FAddIns%2Fdogbone2%2FdogBone2_py.dbutils ; DEBUG ; 98; edge 20390 added to adjacent edge list
2018-07-26 21:21:05,927 ; __main__C%3A%2FUsers%2FDad%2FAppData%2FRoaming%2FAutodesk%2FAutodesk%20Fusion%20360%2FAPI%2FAddIns%2Fdogbone2%2FdogBone2_py ; DEBUG ; 855; centrePoint = (34.52212640302673,3.49885,-9.000206403026729)
2018-07-26 21:21:05,937 ; __main__C%3A%2FUsers%2FDad%2FAppData%2FRoaming%2FAutodesk%2FAutodesk%20Fusion%20360%2FAPI%2FAddIns%2Fdogbone2%2FdogBone2_py ; DEBUG ; 885; extentToEntity before setPositionByPlaneAndOffsets - True
2018-07-26 21:21:05,946 ; __main__C%3A%2FUsers%2FDad%2FAppData%2FRoaming%2FAutodesk%2FAutodesk%20Fusion%20360%2FAPI%2FAddIns%2Fdogbone2%2FdogBone2_py ; DEBUG ; 887; extentToEntity after setPositionByPlaneAndOffsets - True
2018-07-26 21:21:05,956 ; __main__C%3A%2FUsers%2FDad%2FAppData%2FRoaming%2FAutodesk%2FAutodesk%20Fusion%20360%2FAPI%2FAddIns%2Fdogbone2%2FdogBone2_py ; INFO ; 889; hole added to list - (34.52212640302673,3.49885,-9.000206403026729)
2018-07-26 21:21:06,245 ; __main__C%3A%2FUsers%2FDad%2FAppData%2FRoaming%2FAutodesk%2FAutodesk%20Fusion%20360%2FAPI%2FAddIns%2Fdogbone2%2FdogBone2_py ; DEBUG ; 796; Processing Face = 50
2018-07-26 21:21:06,255 ; __main__C%3A%2FUsers%2FDad%2FAppData%2FRoaming%2FAutodesk%2FAutodesk%20Fusion%20360%2FAPI%2FAddIns%2Fdogbone2%2FdogBone2_py ; DEBUG ; 810; Processing edge - 177
2018-07-26 21:21:06,265 ; __main__C%3A%2FUsers%2FDad%2FAppData%2FRoaming%2FAutodesk%2FAutodesk%20Fusion%20360%2FAPI%2FAddIns%2Fdogbone2%2FdogBone2_py ; DEBUG ; 832; extentToEntity - True
2018-07-26 21:21:06,274 ; __main__C%3A%2FUsers%2FDad%2FAppData%2FRoaming%2FAutodesk%2FAutodesk%20Fusion%20360%2FAPI%2FAddIns%2Fdogbone2%2FdogBone2_py.dbutils ; DEBUG ; 98; edge 163 added to adjacent edge list
2018-07-26 21:21:06,284 ; __main__C%3A%2FUsers%2FDad%2FAppData%2FRoaming%2FAutodesk%2FAutodesk%20Fusion%20360%2FAPI%2FAddIns%2Fdogbone2%2FdogBone2_py.dbutils ; DEBUG ; 98; edge 178 added to adjacent edge list
2018-07-26 21:21:06,294 ; __main__C%3A%2FUsers%2FDad%2FAppData%2FRoaming%2FAutodesk%2FAutodesk%20Fusion%20360%2FAPI%2FAddIns%2Fdogbone2%2FdogBone2_py ; DEBUG ; 855; centrePoint = (53.80482137475108,3.49885,-10.456193596973272)
2018-07-26 21:21:06,303 ; __main__C%3A%2FUsers%2FDad%2FAppData%2FRoaming%2FAutodesk%2FAutodesk%20Fusion%20360%2FAPI%2FAddIns%2Fdogbone2%2FdogBone2_py ; DEBUG ; 885; extentToEntity before setPositionByPlaneAndOffsets - True
2018-07-26 21:21:06,313 ; __main__C%3A%2FUsers%2FDad%2FAppData%2FRoaming%2FAutodesk%2FAutodesk%20Fusion%20360%2FAPI%2FAddIns%2Fdogbone2%2FdogBone2_py ; DEBUG ; 887; extentToEntity after setPositionByPlaneAndOffsets - True
2018-07-26 21:21:06,322 ; __main__C%3A%2FUsers%2FDad%2FAppData%2FRoaming%2FAutodesk%2FAutodesk%20Fusion%20360%2FAPI%2FAddIns%2Fdogbone2%2FdogBone2_py ; INFO ; 889; hole added to list - (53.80482137475108,3.49885,-10.456193596973272)
2018-07-26 21:21:06,437 ; __main__C%3A%2FUsers%2FDad%2FAppData%2FRoaming%2FAutodesk%2FAutodesk%20Fusion%20360%2FAPI%2FAddIns%2Fdogbone2%2FdogBone2_py ; DEBUG ; 810; Processing edge - 205
2018-07-26 21:21:06,450 ; __main__C%3A%2FUsers%2FDad%2FAppData%2FRoaming%2FAutodesk%2FAutodesk%20Fusion%20360%2FAPI%2FAddIns%2Fdogbone2%2FdogBone2_py ; DEBUG ; 813; Revalidating face
2018-07-26 21:21:06,460 ; __main__C%3A%2FUsers%2FDad%2FAppData%2FRoaming%2FAutodesk%2FAutodesk%20Fusion%20360%2FAPI%2FAddIns%2Fdogbone2%2FdogBone2_py ; DEBUG ; 832; extentToEntity - True
2018-07-26 21:21:06,470 ; __main__C%3A%2FUsers%2FDad%2FAppData%2FRoaming%2FAutodesk%2FAutodesk%20Fusion%20360%2FAPI%2FAddIns%2Fdogbone2%2FdogBone2_py.dbutils ; DEBUG ; 98; edge 178 added to adjacent edge list
2018-07-26 21:21:06,480 ; __main__C%3A%2FUsers%2FDad%2FAppData%2FRoaming%2FAutodesk%2FAutodesk%20Fusion%20360%2FAPI%2FAddIns%2Fdogbone2%2FdogBone2_py.dbutils ; DEBUG ; 98; edge 179 added to adjacent edge list
2018-07-26 21:21:06,490 ; __main__C%3A%2FUsers%2FDad%2FAppData%2FRoaming%2FAutodesk%2FAutodesk%20Fusion%20360%2FAPI%2FAddIns%2Fdogbone2%2FdogBone2_py ; DEBUG ; 855; centrePoint = (53.80482137475108,3.49885,-9.000206403026729)
2018-07-26 21:21:06,500 ; __main__C%3A%2FUsers%2FDad%2FAppData%2FRoaming%2FAutodesk%2FAutodesk%20Fusion%20360%2FAPI%2FAddIns%2Fdogbone2%2FdogBone2_py ; DEBUG ; 885; extentToEntity before setPositionByPlaneAndOffsets - True
2018-07-26 21:21:06,509 ; __main__C%3A%2FUsers%2FDad%2FAppData%2FRoaming%2FAutodesk%2FAutodesk%20Fusion%20360%2FAPI%2FAddIns%2Fdogbone2%2FdogBone2_py ; DEBUG ; 887; extentToEntity after setPositionByPlaneAndOffsets - True
2018-07-26 21:21:06,519 ; __main__C%3A%2FUsers%2FDad%2FAppData%2FRoaming%2FAutodesk%2FAutodesk%20Fusion%20360%2FAPI%2FAddIns%2Fdogbone2%2FdogBone2_py ; INFO ; 889; hole added to list - (53.80482137475108,3.49885,-9.000206403026729)
2018-07-26 21:21:06,833 ; __main__C%3A%2FUsers%2FDad%2FAppData%2FRoaming%2FAutodesk%2FAutodesk%20Fusion%20360%2FAPI%2FAddIns%2Fdogbone2%2FdogBone2_py ; INFO ; 609; all dogbones complete
-------------------------------------------

AppData%2FRoaming%2FAutodesk%2FAutodesk%20Fusion%20360%2FAPI%2FAddIns%2Fdogbone2%2FdogBone2_py ; DEBUG ; extentToEntity after setPositionByPlaneAndOffsets - True
2018-07-26 21:21:05,956 ; __main__C%3A%2FUsers%2FDad%2FAppData%2FRoaming%2FAutodesk%2FAutodesk%20Fusion%20360%2FAPI%2FAddIns%2Fdogbone2%2FdogBone2_py ; INFO ; hole added to list - (34.52212640302673,3.49885,-9.000206403026729)
2018-07-26 21:21:06,245 ; __main__C%3A%2FUsers%2FDad%2FAppData%2FRoaming%2FAutodesk%2FAutodesk%20Fusion%20360%2FAPI%2FAddIns%2Fdogbone2%2FdogBone2_py ; DEBUG ; Processing Face = 50
2018-07-26 21:21:06,255 ; __main__C%3A%2FUsers%2FDad%2FAppData%2FRoaming%2FAutodesk%2FAutodesk%20Fusion%20360%2FAPI%2FAddIns%2Fdogbone2%2FdogBone2_py ; DEBUG ; Processing edge - 177
2018-07-26 21:21:06,265 ; __main__C%3A%2FUsers%2FDad%2FAppData%2FRoaming%2FAutodesk%2FAutodesk%20Fusion%20360%2FAPI%2FAddIns%2Fdogbone2%2FdogBone2_py ; DEBUG ; extentToEntity - True
2018-07-26 21:21:06,274 ; __main__C%3A%2FUsers%2FDad%2FAppData%2FRoaming%2FAutodesk%2FAutodesk%20Fusion%20360%2FAPI%2FAddIns%2Fdogbone2%2FdogBone2_py.dbutils ; DEBUG ; edge 163 added to adjacent edge list
2018-07-26 21:21:06,284 ; __main__C%3A%2FUsers%2FDad%2FAppData%2FRoaming%2FAutodesk%2FAutodesk%20Fusion%20360%2FAPI%2FAddIns%2Fdogbone2%2FdogBone2_py.dbutils ; DEBUG ; edge 178 added to adjacent edge list
2018-07-26 21:21:06,294 ; __main__C%3A%2FUsers%2FDad%2FAppData%2FRoaming%2FAutodesk%2FAutodesk%20Fusion%20360%2FAPI%2FAddIns%2Fdogbone2%2FdogBone2_py ; DEBUG ; centrePoint = (53.80482137475108,3.49885,-10.456193596973272)
2018-07-26 21:21:06,303 ; __main__C%3A%2FUsers%2FDad%2FAppData%2FRoaming%2FAutodesk%2FAutodesk%20Fusion%20360%2FAPI%2FAddIns%2Fdogbone2%2FdogBone2_py ; DEBUG ; extentToEntity before setPositionByPlaneAndOffsets - True
2018-07-26 21:21:06,313 ; __main__C%3A%2FUsers%2FDad%2FAppData%2FRoaming%2FAutodesk%2FAutodesk%20Fusion%20360%2FAPI%2FAddIns%2Fdogbone2%2FdogBone2_py ; DEBUG ; extentToEntity after setPositionByPlaneAndOffsets - True
2018-07-26 21:21:06,322 ; __main__C%3A%2FUsers%2FDad%2FAppData%2FRoaming%2FAutodesk%2FAutodesk%20Fusion%20360%2FAPI%2FAddIns%2Fdogbone2%2FdogBone2_py ; INFO ; hole added to list - (53.80482137475108,3.49885,-10.456193596973272)
2018-07-26 21:21:06,437 ; __main__C%3A%2FUsers%2FDad%2FAppData%2FRoaming%2FAutodesk%2FAutodesk%20Fusion%20360%2FAPI%2FAddIns%2Fdogbone2%2FdogBone2_py ; DEBUG ; Processing edge - 205
2018-07-26 21:21:06,450 ; __main__C%3A%2FUsers%2FDad%2FAppData%2FRoaming%2FAutodesk%2FAutodesk%20Fusion%20360%2FAPI%2FAddIns%2Fdogbone2%2FdogBone2_py ; DEBUG ; Revalidating face
2018-07-26 21:21:06,460 ; __main__C%3A%2FUsers%2FDad%2FAppData%2FRoaming%2FAutodesk%2FAutodesk%20Fusion%20360%2FAPI%2FAddIns%2Fdogbone2%2FdogBone2_py ; DEBUG ; extentToEntity - True
2018-07-26 21:21:06,470 ; __main__C%3A%2FUsers%2FDad%2FAppData%2FRoaming%2FAutodesk%2FAutodesk%20Fusion%20360%2FAPI%2FAddIns%2Fdogbone2%2FdogBone2_py.dbutils ; DEBUG ; edge 178 added to adjacent edge list
2018-07-26 21:21:06,480 ; __main__C%3A%2FUsers%2FDad%2FAppData%2FRoaming%2FAutodesk%2FAutodesk%20Fusion%20360%2FAPI%2FAddIns%2Fdogbone2%2FdogBone2_py.dbutils ; DEBUG ; edge 179 added to adjacent edge list
2018-07-26 21:21:06,490 ; __main__C%3A%2FUsers%2FDad%2FAppData%2FRoaming%2FAutodesk%2FAutodesk%20Fusion%20360%2FAPI%2FAddIns%2Fdogbone2%2FdogBone2_py ; DEBUG ; centrePoint = (53.80482137475108,3.49885,-9.000206403026729)
2018-07-26 21:21:06,500 ; __main__C%3A%2FUsers%2FDad%2FAppData%2FRoaming%2FAutodesk%2FAutodesk%20Fusion%20360%2FAPI%2FAddIns%2Fdogbone2%2FdogBone2_py ; DEBUG ; extentToEntity before setPositionByPlaneAndOffsets - True
2018-07-26 21:21:06,509 ; __main__C%3A%2FUsers%2FDad%2FAppData%2FRoaming%2FAutodesk%2FAutodesk%20Fusion%20360%2FAPI%2FAddIns%2Fdogbone2%2FdogBone2_py ; DEBUG ; extentToEntity after setPositionByPlaneAndOffsets - True
2018-07-26 21:21:06,519 ; __main__C%3A%2FUsers%2FDad%2FAppData%2FRoaming%2FAutodesk%2FAutodesk%20Fusion%20360%2FAPI%2FAddIns%2Fdogbone2%2FdogBone2_py ; INFO ; hole added to list - (53.80482137475108,3.49885,-9.000206403026729)
2018-07-26 21:21:06,833 ; __main__C%3A%2FUsers%2FDad%2FAppData%2FRoaming%2FAutodesk%2FAutodesk%20Fusion%20360%2FAPI%2FAddIns%2Fdogbone2%2FdogBone2_py ; INFO ; all dogbones complete
-------------------------------------------

ge 179 added to adjacent edge list
2018-07-26 21:21:06,490 ; __main__C%3A%2FUsers%2FDad%2FAppData%2FRoaming%2FAutodesk%2FAutodesk%20Fusion%20360%2FAPI%2FAddIns%2Fdogbone2%2FdogBone2_py ; DEBUG ; 855; centrePoint = (53.80482137475108,3.49885,-9.000206403026729)
2018-07-26 21:21:06,500 ; __main__C%3A%2FUsers%2FDad%2FAppData%2FRoaming%2FAutodesk%2FAutodesk%20Fusion%20360%2FAPI%2FAddIns%2Fdogbone2%2FdogBone2_py ; DEBUG ; 885; extentToEntity before setPositionByPlaneAndOffsets - True
2018-07-26 21:21:06,509 ; __main__C%3A%2FUsers%2FDad%2FAppData%2FRoaming%2FAutodesk%2FAutodesk%20Fusion%20360%2FAPI%2FAddIns%2Fdogbone2%2FdogBone2_py ; DEBUG ; 887; extentToEntity after setPositionByPlaneAndOffsets - True
2018-07-26 21:21:06,519 ; __main__C%3A%2FUsers%2FDad%2FAppData%2FRoaming%2FAutodesk%2FAutodesk%20Fusion%20360%2FAPI%2FAddIns%2Fdogbone2%2FdogBone2_py ; INFO ; 889; hole added to list - (53.80482137475108,3.49885,-9.000206403026729)
2018-07-26 21:21:06,833 ; __main__C%3A%2FUsers%2FDad%2FAppData%2FRoaming%2FAutodesk%2FAutodesk%20Fusion%20360%2FAPI%2FAddIns%2Fdogbone2%2FdogBone2_py ; INFO ; 609; all dogbones complete
-------------------------------------------

